Using pre-set license
Built from '2021.1/staging' branch; Version is '2021.1.7f1 (d91830b65d9b) revision 14227504'; Using compiler version '192528614'; Build Type 'Release'
OS: 'Windows 10 Education; OS build 19043.1237; Version 2009; 64bit' Language: 'en' Physical Memory: 32714 MB
BatchMode: 1, IsHumanControllingUs: 0, StartBugReporterOnCrash: 0, Is64bit: 1, IsPro: 0

 COMMAND LINE ARGUMENTS:
D:\Apps Libraries\Unity\2021.1.7f1\Editor\Unity.exe
-adb2
-batchMode
-noUpm
-name
AssetImportWorker1
-projectPath
C:/Users/Ngin/Documents/Unity projects/Dungeon Dynasty
-logFile
Logs/AssetImportWorker1.log
-srvPort
58228
Successfully changed project path to: C:/Users/Ngin/Documents/Unity projects/Dungeon Dynasty
C:/Users/Ngin/Documents/Unity projects/Dungeon Dynasty
Using Asset Import Pipeline V2.
Refreshing native plugins compatible for Editor in 91.94 ms, found 2 plugins.
Preloading 0 native plugins for Editor in 0.00 ms.
Initialize engine version: 2021.1.7f1 (d91830b65d9b)
[Subsystems] Discovering subsystems at path D:/Apps Libraries/Unity/2021.1.7f1/Editor/Data/Resources/UnitySubsystems
[Subsystems] Discovering subsystems at path C:/Users/Ngin/Documents/Unity projects/Dungeon Dynasty/Assets
GfxDevice: creating device client; threaded=0; jobified=0
Direct3D:
    Version:  Direct3D 11.0 [level 11.1]
    Renderer: NVIDIA GeForce RTX 3080 (ID=0x2206)
    Vendor:   NVIDIA
    VRAM:     10077 MB
    Driver:   30.0.14.7212
Shader 'Universal Render Pipeline/Particles/Lit': fallback shader 'Universal Render Pipeline/Particles/SimpleLit' not found
Initialize mono
Mono path[0] = 'D:/Apps Libraries/Unity/2021.1.7f1/Editor/Data/Managed'
Mono path[1] = 'D:/Apps Libraries/Unity/2021.1.7f1/Editor/Data/MonoBleedingEdge/lib/mono/unityjit'
Mono config path = 'D:/Apps Libraries/Unity/2021.1.7f1/Editor/Data/MonoBleedingEdge/etc'
Using monoOptions --debugger-agent=transport=dt_socket,embedding=1,server=y,suspend=n,address=127.0.0.1:56300
Begin MonoManager ReloadAssembly
Registering precompiled unity dll's ...
Register platform support module: D:/Apps Libraries/Unity/2021.1.7f1/Editor/Data/PlaybackEngines/MacStandaloneSupport/UnityEditor.OSXStandalone.Extensions.dll
Register platform support module: D:/Apps Libraries/Unity/2021.1.7f1/Editor/Data/PlaybackEngines/WindowsStandaloneSupport/UnityEditor.WindowsStandalone.Extensions.dll
Registered in 0.000862 seconds.
Native extension for WindowsStandalone target not found
Native extension for OSXStandalone target not found
Refreshing native plugins compatible for Editor in 95.56 ms, found 2 plugins.
Preloading 0 native plugins for Editor in 0.00 ms.
Mono: successfully reloaded assembly
- Completed reload, in  0.765 seconds
Platform modules already initialized, skipping
Registering precompiled user dll's ...
Registered in 0.002604 seconds.
Begin MonoManager ReloadAssembly
Symbol file LoadedFromMemory doesn't match image C:\Users\Ngin\Documents\Unity projects\Dungeon Dynasty\Library\PackageCache\com.unity.visualscripting@1.6.1\Editor\VisualScripting.Core\Dependencies\YamlDotNet\Unity.VisualScripting.YamlDotNet.dll
Symbol file LoadedFromMemory doesn't match image C:\Users\Ngin\Documents\Unity projects\Dungeon Dynasty\Library\PackageCache\com.unity.visualscripting@1.6.1\Editor\VisualScripting.Core\Dependencies\DotNetZip\Unity.VisualScripting.IonicZip.dll
Native extension for WindowsStandalone target not found
Native extension for OSXStandalone target not found
Refreshing native plugins compatible for Editor in 98.24 ms, found 2 plugins.
Preloading 0 native plugins for Editor in 0.00 ms.
Mono: successfully reloaded assembly
- Completed reload, in  1.021 seconds
Platform modules already initialized, skipping
========================================================================
Worker process is ready to serve import requests
Shader 'Universal Render Pipeline/Particles/Lit': fallback shader 'Universal Render Pipeline/Particles/SimpleLit' not found
Launched and connected shader compiler UnityShaderCompiler.exe after 0.06 seconds
Refreshing native plugins compatible for Editor in 0.88 ms, found 2 plugins.
Preloading 0 native plugins for Editor in 0.00 ms.
Unloading 5242 Unused Serialized files (Serialized files now loaded: 0)
System memory in use before: 201.3 MB.
System memory in use after: 201.5 MB.

Unloading 194 unused Assets to reduce memory usage. Loaded Objects now: 5668.
Total: 3.231600 ms (FindLiveObjects: 0.407400 ms CreateObjectMapping: 0.143100 ms MarkObjects: 2.404600 ms  DeleteObjects: 0.275800 ms)

========================================================================
Received Import Request.
  path: Assets/Animations/Player.controller
  artifactKey: Guid(faa62b5092e9d3e4490152dfebcff579) Importer(815301076,1909f56bfc062723c751e8b465ee728b)
Start importing Assets/Animations/Player.controller using Guid(faa62b5092e9d3e4490152dfebcff579) Importer(815301076,1909f56bfc062723c751e8b465ee728b)  -> (artifact id: 'f534da21aafc22adf0339c97cef36eb9') in 0.040627 seconds 
========================================================================
Received Import Request.
  Time since last request: 131.270426 seconds.
  path: Assets/Animations
  artifactKey: Guid(eb133e51b691f094ba9b8021f9d50a31) Importer(815301076,1909f56bfc062723c751e8b465ee728b)
Start importing Assets/Animations using Guid(eb133e51b691f094ba9b8021f9d50a31) Importer(815301076,1909f56bfc062723c751e8b465ee728b)  -> (artifact id: '7b7e14ba3a8a75a9866eaa484fb6fb84') in 0.007196 seconds 
========================================================================
Received Prepare
Shader 'Universal Render Pipeline/Particles/Lit': fallback shader 'Universal Render Pipeline/Particles/SimpleLit' not found
Refreshing native plugins compatible for Editor in 2.67 ms, found 2 plugins.
Preloading 0 native plugins for Editor in 0.00 ms.
Unloading 17 Unused Serialized files (Serialized files now loaded: 0)
System memory in use before: 90.8 MB.
System memory in use after: 91.0 MB.

Unloading 17 unused Assets to reduce memory usage. Loaded Objects now: 5668.
Total: 2.798900 ms (FindLiveObjects: 0.369700 ms CreateObjectMapping: 0.137500 ms MarkObjects: 2.166400 ms  DeleteObjects: 0.124700 ms)

========================================================================
Received Import Request.
  Time since last request: 6.861994 seconds.
  path: Assets/Animations/Player
  artifactKey: Guid(00283cef39bb0b448a34b1c09bce9fbb) Importer(815301076,1909f56bfc062723c751e8b465ee728b)
Start importing Assets/Animations/Player using Guid(00283cef39bb0b448a34b1c09bce9fbb) Importer(815301076,1909f56bfc062723c751e8b465ee728b)  -> (artifact id: '960d2687020f9d6132ea5de344e69edc') in 0.002720 seconds 
========================================================================
Received Import Request.
  Time since last request: 17.370300 seconds.
  path: Assets/Animations/Player/Default weapon Movement
  artifactKey: Guid(b4f843647860b884f892b3163e2c9837) Importer(815301076,1909f56bfc062723c751e8b465ee728b)
Start importing Assets/Animations/Player/Default weapon Movement using Guid(b4f843647860b884f892b3163e2c9837) Importer(815301076,1909f56bfc062723c751e8b465ee728b)  -> (artifact id: '2cdd3d2c6914b2e8e302d288b35704c7') in 0.006575 seconds 
========================================================================
Received Import Request.
  Time since last request: 9.322875 seconds.
  path: Assets/Animations/Player attack back.anim
  artifactKey: Guid(16954adff86345649ae741eeda1ef30e) Importer(815301076,1909f56bfc062723c751e8b465ee728b)
Start importing Assets/Animations/Player attack back.anim using Guid(16954adff86345649ae741eeda1ef30e) Importer(815301076,1909f56bfc062723c751e8b465ee728b)  -> (artifact id: 'af861a33e630143e38854ed252a22f2e') in 0.011702 seconds 
========================================================================
Received Import Request.
  Time since last request: 0.806262 seconds.
  path: Assets/Animations/Player idle.anim
  artifactKey: Guid(f601d5b6882563b47803a37cacca32bc) Importer(815301076,1909f56bfc062723c751e8b465ee728b)
Start importing Assets/Animations/Player idle.anim using Guid(f601d5b6882563b47803a37cacca32bc) Importer(815301076,1909f56bfc062723c751e8b465ee728b)  -> (artifact id: 'bfffea1b9c067d4cc3e23f229902ba14') in 0.003428 seconds 
========================================================================
Received Prepare
Registering precompiled user dll's ...
Registered in 0.002591 seconds.
Begin MonoManager ReloadAssembly
Symbol file LoadedFromMemory doesn't match image C:\Users\Ngin\Documents\Unity projects\Dungeon Dynasty\Library\PackageCache\com.unity.visualscripting@1.6.1\Editor\VisualScripting.Core\Dependencies\YamlDotNet\Unity.VisualScripting.YamlDotNet.dll
Symbol file LoadedFromMemory doesn't match image C:\Users\Ngin\Documents\Unity projects\Dungeon Dynasty\Library\PackageCache\com.unity.visualscripting@1.6.1\Editor\VisualScripting.Core\Dependencies\DotNetZip\Unity.VisualScripting.IonicZip.dll
Native extension for WindowsStandalone target not found
Native extension for OSXStandalone target not found
Refreshing native plugins compatible for Editor in 0.89 ms, found 2 plugins.
Preloading 0 native plugins for Editor in 0.00 ms.
Warning: Annotation not found!
UnityEngine.StackTraceUtility:ExtractStackTrace ()
UnityEditor.ProBuilder.EditorUtility:SetGizmoIconEnabled (System.Type,bool) (at Library/PackageCache/com.unity.probuilder@5.0.3/Editor/EditorCore/EditorUtility.cs:575)
UnityEditor.ProBuilder.HierarchyListener:.cctor () (at Library/PackageCache/com.unity.probuilder@5.0.3/Editor/EditorCore/HierarchyListener.cs:21)
System.Runtime.CompilerServices.RuntimeHelpers:RunClassConstructor (System.RuntimeTypeHandle)
UnityEditor.EditorAssemblies:ProcessInitializeOnLoadAttributes (System.Type[])

[Library/PackageCache/com.unity.probuilder@5.0.3/Editor/EditorCore/EditorUtility.cs line 575]

Mono: successfully reloaded assembly
- Completed reload, in  0.735 seconds
Platform modules already initialized, skipping
Shader 'Universal Render Pipeline/Particles/Lit': fallback shader 'Universal Render Pipeline/Particles/SimpleLit' not found
Refreshing native plugins compatible for Editor in 0.89 ms, found 2 plugins.
Preloading 0 native plugins for Editor in 0.00 ms.
Unloading 5128 Unused Serialized files (Serialized files now loaded: 0)
System memory in use before: 192.7 MB.
System memory in use after: 193.0 MB.

Unloading 19 unused Assets to reduce memory usage. Loaded Objects now: 5672.
Total: 2.824600 ms (FindLiveObjects: 0.316200 ms CreateObjectMapping: 0.132300 ms MarkObjects: 2.249100 ms  DeleteObjects: 0.126400 ms)

========================================================================
Received Import Request.
  Time since last request: 49.953524 seconds.
  path: Assets/Animations/Player/Sword Movement
  artifactKey: Guid(b4f843647860b884f892b3163e2c9837) Importer(815301076,1909f56bfc062723c751e8b465ee728b)
Start importing Assets/Animations/Player/Sword Movement using Guid(b4f843647860b884f892b3163e2c9837) Importer(815301076,1909f56bfc062723c751e8b465ee728b)  -> (artifact id: '1b5f7ea5e474f98e6402e90aee7f02e3') in 0.009891 seconds 
AssetImportWorkerClient::OnTransportError - code=2 error=End of file
